<?xml version="1.0" encoding="UTF-8"?>
<testng-results ignored="0" total="1" passed="1" failed="0" skipped="0">
  <reporter-output>
  </reporter-output>
  <suite started-at="2021-12-05T05:29:17 WIB" name="Runner" finished-at="2021-12-05T05:29:33 WIB" duration-ms="16363">
    <groups>
    </groups>
    <test started-at="2021-12-05T05:29:17 WIB" name="Command line test" finished-at="2021-12-05T05:29:33 WIB" duration-ms="16363">
      <class name="Runner">
        <test-method is-config="true" signature="setup()[pri:0, instance:Runner@42d8062c]" started-at="2021-12-05T05:29:17 WIB" name="setup" finished-at="2021-12-05T05:29:29 WIB" duration-ms="11969" status="PASS">
          <reporter-output>
          </reporter-output>
        </test-method> <!-- setup -->
        <test-method signature="testLoginWithInvalidData()[pri:0, instance:Runner@42d8062c]" started-at="2021-12-05T05:29:29 WIB" name="testLoginWithInvalidData" finished-at="2021-12-05T05:29:32 WIB" duration-ms="2666" status="PASS">
          <reporter-output>
          </reporter-output>
        </test-method> <!-- testLoginWithInvalidData -->
        <test-method is-config="true" signature="tearDown(org.testng.ITestResult)[pri:0, instance:Runner@42d8062c]" started-at="2021-12-05T05:29:32 WIB" name="tearDown" finished-at="2021-12-05T05:29:33 WIB" duration-ms="1684" status="PASS">
          <params>
            <param index="0">
              <value>
                <![CDATA[[TestResult name=testLoginWithInvalidData status=SUCCESS method=Runner.testLoginWithInvalidData()[pri:0, instance:Runner@42d8062c] output={null}]]]>
              </value>
            </param>
          </params>
          <reporter-output>
          </reporter-output>
        </test-method> <!-- tearDown -->
      </class> <!-- Runner -->
    </test> <!-- Command line test -->
  </suite> <!-- Runner -->
</testng-results>
